Analysis & Synthesis report for T1
Tue Jul 11 16:52:44 2023
Quartus Prime Version 22.1std.1 Build 917 02/14/2023 SC Lite Edition


---------------------
; Table of Contents ;
---------------------
  1. Legal Notice
  2. Analysis & Synthesis Summary
  3. Analysis & Synthesis Settings
  4. Parallel Compilation
  5. Analysis & Synthesis Source Files Read
  6. Analysis & Synthesis Resource Usage Summary
  7. Analysis & Synthesis Resource Utilization by Entity
  8. State Machine - |T1|state2
  9. State Machine - |T1|ram:mem|state
 10. Registers Removed During Synthesis
 11. General Register Statistics
 12. Multiplexer Restructuring Statistics (Restructuring Performed)
 13. Port Connectivity Checks: "ram:mem"
 14. Post-Synthesis Netlist Statistics for Top Partition
 15. Elapsed Time Per Partition
 16. Analysis & Synthesis Messages
 17. Analysis & Synthesis Suppressed Messages



----------------
; Legal Notice ;
----------------
Copyright (C) 2023  Intel Corporation. All rights reserved.
Your use of Intel Corporation's design tools, logic functions 
and other software and tools, and any partner logic 
functions, and any output files from any of the foregoing 
(including device programming or simulation files), and any 
associated documentation or information are expressly subject 
to the terms and conditions of the Intel Program License 
Subscription Agreement, the Intel Quartus Prime License Agreement,
the Intel FPGA IP License Agreement, or other applicable license
agreement, including, without limitation, that your use is for
the sole purpose of programming logic devices manufactured by
Intel and sold by Intel or its authorized distributors.  Please
refer to the applicable agreement for further details, at
https://fpgasoftware.intel.com/eula.



+-------------------------------------------------------------------------------------+
; Analysis & Synthesis Summary                                                        ;
+------------------------------------+------------------------------------------------+
; Analysis & Synthesis Status        ; Successful - Tue Jul 11 16:52:43 2023          ;
; Quartus Prime Version              ; 22.1std.1 Build 917 02/14/2023 SC Lite Edition ;
; Revision Name                      ; T1                                             ;
; Top-level Entity Name              ; T1                                             ;
; Family                             ; Cyclone IV E                                   ;
; Total logic elements               ; 243                                            ;
;     Total combinational functions  ; 216                                            ;
;     Dedicated logic registers      ; 113                                            ;
; Total registers                    ; 113                                            ;
; Total pins                         ; 18                                             ;
; Total virtual pins                 ; 0                                              ;
; Total memory bits                  ; 0                                              ;
; Embedded Multiplier 9-bit elements ; 0                                              ;
; Total PLLs                         ; 0                                              ;
+------------------------------------+------------------------------------------------+


+------------------------------------------------------------------------------------------------------------+
; Analysis & Synthesis Settings                                                                              ;
+------------------------------------------------------------------+--------------------+--------------------+
; Option                                                           ; Setting            ; Default Value      ;
+------------------------------------------------------------------+--------------------+--------------------+
; Device                                                           ; EP4CE6E22C8        ;                    ;
; Top-level entity name                                            ; T1                 ; T1                 ;
; Family name                                                      ; Cyclone IV E       ; Cyclone V          ;
; Use smart compilation                                            ; Off                ; Off                ;
; Enable parallel Assembler and Timing Analyzer during compilation ; On                 ; On                 ;
; Enable compact report table                                      ; Off                ; Off                ;
; Restructure Multiplexers                                         ; Auto               ; Auto               ;
; Create Debugging Nodes for IP Cores                              ; Off                ; Off                ;
; Preserve fewer node names                                        ; On                 ; On                 ;
; Intel FPGA IP Evaluation Mode                                    ; Enable             ; Enable             ;
; Verilog Version                                                  ; Verilog_2001       ; Verilog_2001       ;
; VHDL Version                                                     ; VHDL_1993          ; VHDL_1993          ;
; State Machine Processing                                         ; Auto               ; Auto               ;
; Safe State Machine                                               ; Off                ; Off                ;
; Extract Verilog State Machines                                   ; On                 ; On                 ;
; Extract VHDL State Machines                                      ; On                 ; On                 ;
; Ignore Verilog initial constructs                                ; Off                ; Off                ;
; Iteration limit for constant Verilog loops                       ; 5000               ; 5000               ;
; Iteration limit for non-constant Verilog loops                   ; 250                ; 250                ;
; Add Pass-Through Logic to Inferred RAMs                          ; On                 ; On                 ;
; Infer RAMs from Raw Logic                                        ; On                 ; On                 ;
; Parallel Synthesis                                               ; On                 ; On                 ;
; DSP Block Balancing                                              ; Auto               ; Auto               ;
; NOT Gate Push-Back                                               ; On                 ; On                 ;
; Power-Up Don't Care                                              ; On                 ; On                 ;
; Remove Redundant Logic Cells                                     ; Off                ; Off                ;
; Remove Duplicate Registers                                       ; On                 ; On                 ;
; Ignore CARRY Buffers                                             ; Off                ; Off                ;
; Ignore CASCADE Buffers                                           ; Off                ; Off                ;
; Ignore GLOBAL Buffers                                            ; Off                ; Off                ;
; Ignore ROW GLOBAL Buffers                                        ; Off                ; Off                ;
; Ignore LCELL Buffers                                             ; Off                ; Off                ;
; Ignore SOFT Buffers                                              ; On                 ; On                 ;
; Limit AHDL Integers to 32 Bits                                   ; Off                ; Off                ;
; Optimization Technique                                           ; Balanced           ; Balanced           ;
; Carry Chain Length                                               ; 70                 ; 70                 ;
; Auto Carry Chains                                                ; On                 ; On                 ;
; Auto Open-Drain Pins                                             ; On                 ; On                 ;
; Perform WYSIWYG Primitive Resynthesis                            ; Off                ; Off                ;
; Auto ROM Replacement                                             ; On                 ; On                 ;
; Auto RAM Replacement                                             ; On                 ; On                 ;
; Auto DSP Block Replacement                                       ; On                 ; On                 ;
; Auto Shift Register Replacement                                  ; Auto               ; Auto               ;
; Allow Shift Register Merging across Hierarchies                  ; Auto               ; Auto               ;
; Auto Clock Enable Replacement                                    ; On                 ; On                 ;
; Strict RAM Replacement                                           ; Off                ; Off                ;
; Allow Synchronous Control Signals                                ; On                 ; On                 ;
; Force Use of Synchronous Clear Signals                           ; Off                ; Off                ;
; Auto RAM Block Balancing                                         ; On                 ; On                 ;
; Auto RAM to Logic Cell Conversion                                ; Off                ; Off                ;
; Auto Resource Sharing                                            ; Off                ; Off                ;
; Allow Any RAM Size For Recognition                               ; Off                ; Off                ;
; Allow Any ROM Size For Recognition                               ; Off                ; Off                ;
; Allow Any Shift Register Size For Recognition                    ; Off                ; Off                ;
; Use LogicLock Constraints during Resource Balancing              ; On                 ; On                 ;
; Ignore translate_off and synthesis_off directives                ; Off                ; Off                ;
; Timing-Driven Synthesis                                          ; On                 ; On                 ;
; Report Parameter Settings                                        ; On                 ; On                 ;
; Report Source Assignments                                        ; On                 ; On                 ;
; Report Connectivity Checks                                       ; On                 ; On                 ;
; Ignore Maximum Fan-Out Assignments                               ; Off                ; Off                ;
; Synchronization Register Chain Length                            ; 2                  ; 2                  ;
; Power Optimization During Synthesis                              ; Normal compilation ; Normal compilation ;
; HDL message level                                                ; Level2             ; Level2             ;
; Suppress Register Optimization Related Messages                  ; Off                ; Off                ;
; Number of Removed Registers Reported in Synthesis Report         ; 5000               ; 5000               ;
; Number of Swept Nodes Reported in Synthesis Report               ; 5000               ; 5000               ;
; Number of Inverted Registers Reported in Synthesis Report        ; 100                ; 100                ;
; Clock MUX Protection                                             ; On                 ; On                 ;
; Auto Gated Clock Conversion                                      ; Off                ; Off                ;
; Block Design Naming                                              ; Auto               ; Auto               ;
; SDC constraint protection                                        ; Off                ; Off                ;
; Synthesis Effort                                                 ; Auto               ; Auto               ;
; Shift Register Replacement - Allow Asynchronous Clear Signal     ; On                 ; On                 ;
; Pre-Mapping Resynthesis Optimization                             ; Off                ; Off                ;
; Analysis & Synthesis Message Level                               ; Medium             ; Medium             ;
; Disable Register Merging Across Hierarchies                      ; Auto               ; Auto               ;
; Resource Aware Inference For Block RAM                           ; On                 ; On                 ;
+------------------------------------------------------------------+--------------------+--------------------+


+------------------------------------------+
; Parallel Compilation                     ;
+----------------------------+-------------+
; Processors                 ; Number      ;
+----------------------------+-------------+
; Number detected on machine ; 4           ;
; Maximum allowed            ; 4           ;
;                            ;             ;
; Average used               ; 1.00        ;
; Maximum used               ; 4           ;
;                            ;             ;
; Usage by Processor         ; % Time Used ;
;     Processor 1            ; 100.0%      ;
;     Processors 2-4         ;   0.0%      ;
+----------------------------+-------------+


+-------------------------------------------------------------------------------------------------------------------------------------------+
; Analysis & Synthesis Source Files Read                                                                                                    ;
+----------------------------------+-----------------+---------------------------------------------+------------------------------+---------+
; File Name with User-Entered Path ; Used in Netlist ; File Type                                   ; File Name with Absolute Path ; Library ;
+----------------------------------+-----------------+---------------------------------------------+------------------------------+---------+
; ram.sv                           ; yes             ; User SystemVerilog HDL File                 ; E:/Quatrus/T1/ram.sv         ;         ;
; T1.sv                            ; yes             ; User SystemVerilog HDL File                 ; E:/Quatrus/T1/T1.sv          ;         ;
; indicator16.sv                   ; yes             ; User SystemVerilog HDL File                 ; E:/Quatrus/T1/indicator16.sv ;         ;
; /quatrus/t1.hex                  ; yes             ; Auto-Found Hexadecimal (Intel-Format) File  ; /quatrus/t1.hex              ;         ;
+----------------------------------+-----------------+---------------------------------------------+------------------------------+---------+


+---------------------------------------------------------+
; Analysis & Synthesis Resource Usage Summary             ;
+---------------------------------------------+-----------+
; Resource                                    ; Usage     ;
+---------------------------------------------+-----------+
; Estimated Total logic elements              ; 243       ;
;                                             ;           ;
; Total combinational functions               ; 216       ;
; Logic element usage by number of LUT inputs ;           ;
;     -- 4 input functions                    ; 101       ;
;     -- 3 input functions                    ; 33        ;
;     -- <=2 input functions                  ; 82        ;
;                                             ;           ;
; Logic elements by mode                      ;           ;
;     -- normal mode                          ; 155       ;
;     -- arithmetic mode                      ; 61        ;
;                                             ;           ;
; Total registers                             ; 113       ;
;     -- Dedicated logic registers            ; 113       ;
;     -- I/O registers                        ; 0         ;
;                                             ;           ;
; I/O pins                                    ; 18        ;
;                                             ;           ;
; Embedded Multiplier 9-bit elements          ; 0         ;
;                                             ;           ;
; Maximum fan-out node                        ; clk~input ;
; Maximum fan-out                             ; 113       ;
; Total fan-out                               ; 1062      ;
; Average fan-out                             ; 2.91      ;
+---------------------------------------------+-----------+


+----------------------------------------------------------------------------------------------------------------------------------------------------------------------------------------------------------+
; Analysis & Synthesis Resource Utilization by Entity                                                                                                                                                      ;
+----------------------------+---------------------+---------------------------+-------------+--------------+---------+-----------+------+--------------+---------------------+-------------+--------------+
; Compilation Hierarchy Node ; Combinational ALUTs ; Dedicated Logic Registers ; Memory Bits ; DSP Elements ; DSP 9x9 ; DSP 18x18 ; Pins ; Virtual Pins ; Full Hierarchy Name ; Entity Name ; Library Name ;
+----------------------------+---------------------+---------------------------+-------------+--------------+---------+-----------+------+--------------+---------------------+-------------+--------------+
; |T1                        ; 216 (209)           ; 113 (113)                 ; 0           ; 0            ; 0       ; 0         ; 18   ; 0            ; |T1                 ; T1          ; work         ;
;    |indicator16:dec|       ; 7 (7)               ; 0 (0)                     ; 0           ; 0            ; 0       ; 0         ; 0    ; 0            ; |T1|indicator16:dec ; indicator16 ; work         ;
+----------------------------+---------------------+---------------------------+-------------+--------------+---------+-----------+------+--------------+---------------------+-------------+--------------+
Note: For table entries with two numbers listed, the numbers in parentheses indicate the number of resources of the given type used by the specific entity alone. The numbers listed outside of parentheses indicate the total resources of the given type used by the specific entity and all of its sub-entities in the hierarchy.


Encoding Type:  One-Hot
+----------------------------------------------------------------+
; State Machine - |T1|state2                                     ;
+------------+------------+------------+------------+------------+
; Name       ; state2.FMN ; state2.SMN ; state2.FHN ; state2.SHN ;
+------------+------------+------------+------------+------------+
; state2.SHN ; 0          ; 0          ; 0          ; 0          ;
; state2.FHN ; 0          ; 0          ; 1          ; 1          ;
; state2.SMN ; 0          ; 1          ; 0          ; 1          ;
; state2.FMN ; 1          ; 0          ; 0          ; 1          ;
+------------+------------+------------+------------+------------+


Encoding Type:  One-Hot
+---------------------------------------------------------------------------------+
; State Machine - |T1|ram:mem|state                                               ;
+-----------------+---------------+-----------------+----------------+------------+
; Name            ; state.SetBank ; state.WriteData ; state.ReadData ; state.IDLE ;
+-----------------+---------------+-----------------+----------------+------------+
; state.IDLE      ; 0             ; 0               ; 0              ; 0          ;
; state.ReadData  ; 0             ; 0               ; 1              ; 1          ;
; state.WriteData ; 0             ; 1               ; 0              ; 1          ;
; state.SetBank   ; 1             ; 0               ; 0              ; 1          ;
+-----------------+---------------+-----------------+----------------+------------+


+------------------------------------------------------------+
; Registers Removed During Synthesis                         ;
+---------------------------------------+--------------------+
; Register name                         ; Reason for Removal ;
+---------------------------------------+--------------------+
; ram:mem|state.IDLE                    ; Lost fanout        ;
; ram:mem|state.ReadData                ; Lost fanout        ;
; ram:mem|state.WriteData               ; Lost fanout        ;
; ram:mem|state.SetBank                 ; Lost fanout        ;
; state2~2                              ; Lost fanout        ;
; state2~3                              ; Lost fanout        ;
; ram:mem|state~6                       ; Lost fanout        ;
; ram:mem|state~7                       ; Lost fanout        ;
; Total Number of Removed Registers = 8 ;                    ;
+---------------------------------------+--------------------+


+------------------------------------------------------+
; General Register Statistics                          ;
+----------------------------------------------+-------+
; Statistic                                    ; Value ;
+----------------------------------------------+-------+
; Total registers                              ; 113   ;
; Number of registers using Synchronous Clear  ; 50    ;
; Number of registers using Synchronous Load   ; 0     ;
; Number of registers using Asynchronous Clear ; 0     ;
; Number of registers using Asynchronous Load  ; 0     ;
; Number of registers using Clock Enable       ; 95    ;
; Number of registers using Preset             ; 0     ;
+----------------------------------------------+-------+


+------------------------------------------------------------------------------------------------------------------------------------------+
; Multiplexer Restructuring Statistics (Restructuring Performed)                                                                           ;
+--------------------+-----------+---------------+----------------------+------------------------+------------+----------------------------+
; Multiplexer Inputs ; Bus Width ; Baseline Area ; Area if Restructured ; Saving if Restructured ; Registered ; Example Multiplexer Output ;
+--------------------+-----------+---------------+----------------------+------------------------+------------+----------------------------+
; 4:1                ; 4 bits    ; 8 LEs         ; 8 LEs                ; 0 LEs                  ; Yes        ; |T1|code[3]                ;
; 13:1               ; 8 bits    ; 64 LEs        ; 24 LEs               ; 40 LEs                 ; Yes        ; |T1|Acc[3]                 ;
; 20:1               ; 8 bits    ; 104 LEs       ; 16 LEs               ; 88 LEs                 ; Yes        ; |T1|regs[3][3]             ;
; 20:1               ; 8 bits    ; 104 LEs       ; 16 LEs               ; 88 LEs                 ; Yes        ; |T1|regs[2][2]             ;
; 20:1               ; 8 bits    ; 104 LEs       ; 16 LEs               ; 88 LEs                 ; Yes        ; |T1|regs[1][2]             ;
; 20:1               ; 8 bits    ; 104 LEs       ; 16 LEs               ; 88 LEs                 ; Yes        ; |T1|regs[0][2]             ;
; 18:1               ; 8 bits    ; 96 LEs        ; 16 LEs               ; 80 LEs                 ; Yes        ; |T1|instruction_p[7]       ;
; 4:1                ; 8 bits    ; 16 LEs        ; 16 LEs               ; 0 LEs                  ; No         ; |T1|Mux0                   ;
; 4:1                ; 8 bits    ; 16 LEs        ; 16 LEs               ; 0 LEs                  ; No         ; |T1|Mux8                   ;
+--------------------+-----------+---------------+----------------------+------------------------+------------+----------------------------+


+-----------------------------------------------------------------------------------------------------------------+
; Port Connectivity Checks: "ram:mem"                                                                             ;
+-------+--------+----------+-------------------------------------------------------------------------------------+
; Port  ; Type   ; Severity ; Details                                                                             ;
+-------+--------+----------+-------------------------------------------------------------------------------------+
; datao ; Output ; Info     ; Connected to dangling logic. Logic that only feeds a dangling port will be removed. ;
+-------+--------+----------+-------------------------------------------------------------------------------------+


+-----------------------------------------------------+
; Post-Synthesis Netlist Statistics for Top Partition ;
+-----------------------+-----------------------------+
; Type                  ; Count                       ;
+-----------------------+-----------------------------+
; boundary_port         ; 18                          ;
; cycloneiii_ff         ; 113                         ;
;     ENA               ; 47                          ;
;     ENA SCLR          ; 48                          ;
;     SCLR              ; 2                           ;
;     plain             ; 16                          ;
; cycloneiii_lcell_comb ; 220                         ;
;     arith             ; 61                          ;
;         2 data inputs ; 47                          ;
;         3 data inputs ; 14                          ;
;     normal            ; 159                         ;
;         0 data inputs ; 1                           ;
;         1 data inputs ; 12                          ;
;         2 data inputs ; 26                          ;
;         3 data inputs ; 19                          ;
;         4 data inputs ; 101                         ;
;                       ;                             ;
; Max LUT depth         ; 7.00                        ;
; Average LUT depth     ; 4.04                        ;
+-----------------------+-----------------------------+


+-------------------------------+
; Elapsed Time Per Partition    ;
+----------------+--------------+
; Partition Name ; Elapsed Time ;
+----------------+--------------+
; Top            ; 00:00:00     ;
+----------------+--------------+


+-------------------------------+
; Analysis & Synthesis Messages ;
+-------------------------------+
Info: *******************************************************************
Info: Running Quartus Prime Analysis & Synthesis
    Info: Version 22.1std.1 Build 917 02/14/2023 SC Lite Edition
    Info: Processing started: Tue Jul 11 16:52:33 2023
Info: Command: quartus_map --read_settings_files=on --write_settings_files=off T1 -c T1
Warning (18236): Number of processors has not been specified which may cause overloading on shared machines.  Set the global assignment NUM_PARALLEL_PROCESSORS in your QSF to an appropriate value for best performance.
Info (20030): Parallel compilation is enabled and will use 4 of the 4 processors detected
Info (12021): Found 1 design units, including 1 entities, in source file ram.sv
    Info (12023): Found entity 1: ram File: E:/Quatrus/T1/ram.sv Line: 1
Info (12021): Found 1 design units, including 1 entities, in source file t1.sv
    Info (12023): Found entity 1: T1 File: E:/Quatrus/T1/T1.sv Line: 1
Info (12021): Found 1 design units, including 1 entities, in source file indicator16.sv
    Info (12023): Found entity 1: indicator16 File: E:/Quatrus/T1/indicator16.sv Line: 1
Info (12127): Elaborating entity "T1" for the top level hierarchy
Warning (10850): Verilog HDL warning at T1.sv(63): number of words (260) in memory file does not match the number of elements in the address range [0:255] File: E:/Quatrus/T1/T1.sv Line: 63
Warning (10230): Verilog HDL assignment warning at T1.sv(168): truncated value with size 32 to match size of target (1) File: E:/Quatrus/T1/T1.sv Line: 168
Warning (10030): Net "memory.data_a" at T1.sv(34) has no driver or initial value, using a default initial value '0' File: E:/Quatrus/T1/T1.sv Line: 34
Warning (10030): Net "memory.waddr_a" at T1.sv(34) has no driver or initial value, using a default initial value '0' File: E:/Quatrus/T1/T1.sv Line: 34
Warning (10030): Net "memory.we_a" at T1.sv(34) has no driver or initial value, using a default initial value '0' File: E:/Quatrus/T1/T1.sv Line: 34
Info (12128): Elaborating entity "indicator16" for hierarchy "indicator16:dec" File: E:/Quatrus/T1/T1.sv Line: 41
Info (12128): Elaborating entity "ram" for hierarchy "ram:mem" File: E:/Quatrus/T1/T1.sv Line: 52
Info (276014): Found 1 instances of uninferred RAM logic
    Info (276007): RAM logic "memory" is uninferred due to asynchronous read logic File: E:/Quatrus/T1/T1.sv Line: 34
Warning (13024): Output pins are stuck at VCC or GND
    Warning (13410): Pin "led_out[2]" is stuck at VCC File: E:/Quatrus/T1/T1.sv Line: 4
Info (286030): Timing-Driven Synthesis is running
Info (17049): 8 registers lost all their fanouts during netlist optimizations.
Info (144001): Generated suppressed messages file E:/Quatrus/T1/output_files/T1.map.smsg
Info (16010): Generating hard_block partition "hard_block:auto_generated_inst"
    Info (16011): Adding 0 node(s), including 0 DDIO, 0 PLL, 0 transceiver and 0 LCELL
Info (21057): Implemented 277 device resources after synthesis - the final resource count might be different
    Info (21058): Implemented 2 input pins
    Info (21059): Implemented 16 output pins
    Info (21061): Implemented 259 logic cells
Info: Quartus Prime Analysis & Synthesis was successful. 0 errors, 8 warnings
    Info: Peak virtual memory: 4767 megabytes
    Info: Processing ended: Tue Jul 11 16:52:44 2023
    Info: Elapsed time: 00:00:11
    Info: Total CPU time (on all processors): 00:00:18


+------------------------------------------+
; Analysis & Synthesis Suppressed Messages ;
+------------------------------------------+
The suppressed messages can be found in E:/Quatrus/T1/output_files/T1.map.smsg.


