#! /c/iverilog/bin/vvp
:ivl_version "0.9.7 " "(v0_9_7)";
:vpi_time_precision + 0;
:vpi_module "system";
:vpi_module "v2005_math";
:vpi_module "va_math";
S_00D6A2F0 .scope module, "SimpleProcessor_tb" "SimpleProcessor_tb" 2 1;
 .timescale 0 0;
v00D71568_0 .var "clk", 0 0;
v00D71148_0 .var "data_in", 15 0;
v00D716C8_0 .net "data_out", 15 0, v00D724A0_0; 1 drivers
v00D71300_0 .var "rst", 0 0;
S_00D69E28 .scope module, "dut" "SimpleProcessor" 2 12, 3 1, S_00D6A2F0;
 .timescale 0 0;
P_00D6C85C .param/l "ADD" 3 57, C4<00001>;
P_00D6C870 .param/l "ADD_RM_R" 3 60, C4<00011>;
P_00D6C884 .param/l "ADD_R_C" 3 80, C4<00001>;
P_00D6C898 .param/l "ADD_R_R" 3 58, C4<00001>;
P_00D6C8AC .param/l "ADD_R_RM" 3 59, C4<00010>;
P_00D6C8C0 .param/l "AF" 3 27, C4<01>;
P_00D6C8D4 .param/l "AND_R_R" 3 70, C4<00001>;
P_00D6C8E8 .param/l "CMP" 3 65, C4<00110>;
P_00D6C8FC .param/l "CMP_RM_R" 3 68, C4<00011>;
P_00D6C910 .param/l "CMP_R_C" 3 82, C4<00011>;
P_00D6C924 .param/l "CMP_R_R" 3 66, C4<00001>;
P_00D6C938 .param/l "CMP_R_RM" 3 67, C4<00010>;
P_00D6C94C .param/l "DEC" 3 48, C4<00011>;
P_00D6C960 .param/l "EXEC" 3 33, C4<011>;
P_00D6C974 .param/l "FTHD1" 3 31, C4<010>;
P_00D6C988 .param/l "FTHD2" 3 32, C4<100>;
P_00D6C99C .param/l "FTHOP" 3 30, C4<001>;
P_00D6C9B0 .param/l "HLT" 3 38, C4<001>;
P_00D6C9C4 .param/l "IDLE" 3 29, C4<000>;
P_00D6C9D8 .param/l "INC" 3 47, C4<00010>;
P_00D6C9EC .param/l "IN_R" 3 49, C4<00110>;
P_00D6CA00 .param/l "IN_RM" 3 50, C4<00111>;
P_00D6CA14 .param/l "JF_C" 3 83, C4<00100>;
P_00D6CA28 .param/l "JF_CM" 3 84, C4<00101>;
P_00D6CA3C .param/l "JF_R" 3 73, C4<00100>;
P_00D6CA50 .param/l "JF_RM" 3 74, C4<00101>;
P_00D6CA64 .param/l "JMP_R" 3 45, C4<00100>;
P_00D6CA78 .param/l "JMP_RM" 3 46, C4<00101>;
P_00D6CA8C .param/l "LDFZ" 3 40, C4<011>;
P_00D6CAA0 .param/l "LOG" 3 69, C4<00111>;
P_00D6CAB4 .param/l "MOV" 3 53, C4<00000>;
P_00D6CAC8 .param/l "MOV_CM_R" 3 79, C4<00111>;
P_00D6CADC .param/l "MOV_RM_R" 3 56, C4<00011>;
P_00D6CAF0 .param/l "MOV_R_C" 3 77, C4<00000>;
P_00D6CB04 .param/l "MOV_R_CM" 3 78, C4<00110>;
P_00D6CB18 .param/l "MOV_R_R" 3 54, C4<00001>;
P_00D6CB2C .param/l "MOV_R_RM" 3 55, C4<00010>;
P_00D6CB40 .param/l "NOP" 3 37, C4<000>;
P_00D6CB54 .param/l "OR_R_R" 3 71, C4<00010>;
P_00D6CB68 .param/l "OUT_R" 3 43, C4<00000>;
P_00D6CB7C .param/l "OUT_RM" 3 44, C4<00001>;
P_00D6CB90 .param/l "STFZ" 3 39, C4<010>;
P_00D6CBA4 .param/l "SUB" 3 61, C4<00010>;
P_00D6CBB8 .param/l "SUB_RM_R" 3 64, C4<00011>;
P_00D6CBCC .param/l "SUB_R_C" 3 81, C4<00010>;
P_00D6CBE0 .param/l "SUB_R_R" 3 62, C4<00001>;
P_00D6CBF4 .param/l "SUB_R_RM" 3 63, C4<00010>;
P_00D6CC08 .param/l "XOR_R_R" 3 72, C4<00011>;
P_00D6CC1C .param/l "ZF" 3 26, C4<00>;
P_00D6CC30 .param/l "ZOI" 3 36, C4<01000>;
v00D6B8B0 .array "RF", 7 0, 15 0;
v00D6B908_0 .net "clk", 0 0, v00D71568_0; 1 drivers
v00D6B960_0 .var "data", 15 0;
v00D81758_0 .net "data_in", 15 0, v00D71148_0; 1 drivers
v00D817B0_0 .alias "data_out", 15 0, v00D716C8_0;
v00D81808_0 .var/i "i", 31 0;
v00112A48_0 .var "incip", 0 0;
v00112AA0_0 .var "ins", 7 0;
v00112AF8_0 .var "ip", 15 0;
v00112B50 .array "mem", 65535 0, 7 0;
v00D723F0_0 .var "rflags", 2 0;
v00D72448_0 .var "rin", 15 0;
v00D724A0_0 .var "rout", 15 0;
v00D724F8_0 .net "rst", 0 0, v00D71300_0; 1 drivers
v00D72978_0 .var "state", 2 0;
v00D729D0_0 .var "stop", 0 0;
E_00D63680 .event posedge, v00D6B908_0;
    .scope S_00D69E28;
T_0 ;
    %set/v v00D724A0_0, 0, 16;
    %end;
    .thread T_0;
    .scope S_00D69E28;
T_1 ;
    %set/v v00D72448_0, 0, 16;
    %end;
    .thread T_1;
    .scope S_00D69E28;
T_2 ;
    %set/v v00112AF8_0, 0, 16;
    %end;
    .thread T_2;
    .scope S_00D69E28;
T_3 ;
    %set/v v00112AA0_0, 0, 8;
    %end;
    .thread T_3;
    .scope S_00D69E28;
T_4 ;
    %set/v v00D6B960_0, 0, 16;
    %end;
    .thread T_4;
    .scope S_00D69E28;
T_5 ;
    %set/v v00D72978_0, 0, 3;
    %end;
    .thread T_5;
    .scope S_00D69E28;
T_6 ;
    %set/v v00D729D0_0, 0, 1;
    %end;
    .thread T_6;
    .scope S_00D69E28;
T_7 ;
    %set/v v00112A48_0, 1, 1;
    %end;
    .thread T_7;
    .scope S_00D69E28;
T_8 ;
    %set/v v00D723F0_0, 0, 3;
    %end;
    .thread T_8;
    .scope S_00D69E28;
T_9 ;
    %wait E_00D63680;
    %load/v 8, v00D72978_0, 3;
    %cmpi/u 8, 0, 3;
    %jmp/1 T_9.0, 6;
    %cmpi/u 8, 1, 3;
    %jmp/1 T_9.1, 6;
    %cmpi/u 8, 2, 3;
    %jmp/1 T_9.2, 6;
    %cmpi/u 8, 4, 3;
    %jmp/1 T_9.3, 6;
    %cmpi/u 8, 3, 3;
    %jmp/1 T_9.4, 6;
    %jmp T_9.5;
T_9.0 ;
    %load/v 8, v00D729D0_0, 1;
    %mov 9, 0, 1;
    %cmpi/u 8, 0, 2;
    %jmp/0xz  T_9.6, 4;
    %movi 8, 1, 3;
    %ix/load 0, 3, 0;
    %assign/v0 v00D72978_0, 0, 8;
T_9.6 ;
    %jmp T_9.5;
T_9.1 ;
    %ix/getv 3, v00112AF8_0;
    %load/av 8, v00112B50, 8;
    %ix/load 0, 8, 0;
    %assign/v0 v00112AA0_0, 0, 8;
    %movi 8, 3, 3;
    %ix/getv 3, v00112AF8_0;
    %jmp/1 T_9.8, 4;
    %ix/get/s 0, 8, 3;
T_9.8 ;
    %load/avx.p 8, v00112B50, 0;
    %load/avx.p 9, v00112B50, 0;
; Save base=8 wid=2 in lookaside.
    %cmpi/u 8, 0, 2;
    %jmp/0xz  T_9.9, 4;
    %movi 8, 3, 3;
    %ix/load 0, 3, 0;
    %assign/v0 v00D72978_0, 0, 8;
T_9.9 ;
    %movi 8, 3, 3;
    %ix/getv 3, v00112AF8_0;
    %jmp/1 T_9.11, 4;
    %ix/get/s 0, 8, 3;
T_9.11 ;
    %load/avx.p 8, v00112B50, 0;
; Save base=8 wid=1 in lookaside.
    %jmp/0xz  T_9.12, 8;
    %ix/load 0, 1, 0;
    %load/vp0 8, v00112AF8_0, 16;
    %ix/load 0, 16, 0;
    %assign/v0 v00112AF8_0, 0, 8;
    %movi 8, 2, 3;
    %ix/load 0, 3, 0;
    %assign/v0 v00D72978_0, 0, 8;
T_9.12 ;
    %jmp T_9.5;
T_9.2 ;
    %ix/getv 3, v00112AF8_0;
    %load/av 8, v00112B50, 8;
    %ix/load 0, 8, 0;
    %ix/load 1, 0, 0;
    %assign/v0/x1 v00D6B960_0, 0, 8;
    %ix/load 1, 4, 0;
    %mov 4, 0, 1;
    %jmp/1 T_9.14, 4;
    %load/x1p 8, v00112AA0_0, 1;
    %jmp T_9.15;
T_9.14 ;
    %mov 8, 2, 1;
T_9.15 ;
; Save base=8 wid=1 in lookaside.
    %jmp/0xz  T_9.16, 8;
    %ix/load 0, 1, 0;
    %load/vp0 8, v00112AF8_0, 16;
    %ix/load 0, 16, 0;
    %assign/v0 v00112AF8_0, 0, 8;
    %movi 8, 4, 3;
    %ix/load 0, 3, 0;
    %assign/v0 v00D72978_0, 0, 8;
T_9.16 ;
    %movi 8, 3, 3;
    %ix/load 0, 3, 0;
    %assign/v0 v00D72978_0, 0, 8;
    %jmp T_9.5;
T_9.3 ;
    %ix/getv 3, v00112AF8_0;
    %load/av 8, v00112B50, 8;
    %ix/load 0, 8, 0;
    %ix/load 1, 8, 0;
    %assign/v0/x1 v00D6B960_0, 0, 8;
    %movi 8, 3, 3;
    %ix/load 0, 3, 0;
    %assign/v0 v00D72978_0, 0, 8;
    %jmp T_9.5;
T_9.4 ;
    %ix/load 1, 3, 0;
    %mov 4, 0, 1;
    %jmp/1 T_9.18, 4;
    %load/x1p 8, v00112AA0_0, 2;
    %jmp T_9.19;
T_9.18 ;
    %mov 8, 2, 2;
T_9.19 ;
; Save base=8 wid=2 in lookaside.
    %cmpi/u 8, 0, 2;
    %jmp/1 T_9.20, 6;
    %cmpi/u 8, 3, 2;
    %jmp/1 T_9.21, 6;
    %cmpi/u 8, 1, 2;
    %jmp/1 T_9.22, 6;
    %jmp T_9.23;
T_9.20 ;
    %load/v 8, v00112AA0_0, 3; Only need 3 of 8 bits
; Save base=8 wid=3 in lookaside.
    %cmpi/u 8, 0, 3;
    %jmp/1 T_9.24, 6;
    %cmpi/u 8, 1, 3;
    %jmp/1 T_9.25, 6;
    %cmpi/u 8, 4, 3;
    %jmp/1 T_9.26, 6;
    %cmpi/u 8, 5, 3;
    %jmp/1 T_9.27, 6;
    %cmpi/u 8, 2, 3;
    %jmp/1 T_9.28, 6;
    %cmpi/u 8, 3, 3;
    %jmp/1 T_9.29, 6;
    %cmpi/u 8, 6, 3;
    %jmp/1 T_9.30, 6;
    %cmpi/u 8, 7, 3;
    %jmp/1 T_9.31, 6;
    %jmp T_9.32;
T_9.24 ;
    %ix/load 1, 5, 0;
    %mov 4, 0, 1;
    %jmp/1 T_9.33, 4;
    %load/x1p 24, v00112AA0_0, 3;
    %jmp T_9.34;
T_9.33 ;
    %mov 24, 2, 3;
T_9.34 ;
; Save base=24 wid=3 in lookaside.
    %ix/get 3, 24, 3;
    %load/av 8, v00D6B8B0, 16;
    %ix/load 0, 16, 0;
    %assign/v0 v00D724A0_0, 0, 8;
    %jmp T_9.32;
T_9.25 ;
    %ix/load 1, 5, 0;
    %mov 4, 0, 1;
    %jmp/1 T_9.35, 4;
    %load/x1p 40, v00112AA0_0, 3;
    %jmp T_9.36;
T_9.35 ;
    %mov 40, 2, 3;
T_9.36 ;
; Save base=40 wid=3 in lookaside.
    %ix/get 3, 40, 3;
    %load/av 24, v00D6B8B0, 16;
    %ix/get 3, 24, 16;
    %load/av 8, v00112B50, 8;
    %mov 16, 0, 8;
    %ix/load 0, 16, 0;
    %assign/v0 v00D724A0_0, 0, 8;
    %jmp T_9.32;
T_9.26 ;
    %ix/load 1, 5, 0;
    %mov 4, 0, 1;
    %jmp/1 T_9.37, 4;
    %load/x1p 24, v00112AA0_0, 3;
    %jmp T_9.38;
T_9.37 ;
    %mov 24, 2, 3;
T_9.38 ;
; Save base=24 wid=3 in lookaside.
    %ix/get 3, 24, 3;
    %load/av 8, v00D6B8B0, 16;
    %ix/load 0, 16, 0;
    %assign/v0 v00112AF8_0, 0, 8;
    %jmp T_9.32;
T_9.27 ;
    %ix/load 1, 5, 0;
    %mov 4, 0, 1;
    %jmp/1 T_9.39, 4;
    %load/x1p 40, v00112AA0_0, 3;
    %jmp T_9.40;
T_9.39 ;
    %mov 40, 2, 3;
T_9.40 ;
; Save base=40 wid=3 in lookaside.
    %ix/get 3, 40, 3;
    %load/av 24, v00D6B8B0, 16;
    %ix/get 3, 24, 16;
    %load/av 8, v00112B50, 8;
    %mov 16, 0, 8;
    %ix/load 0, 16, 0;
    %assign/v0 v00112AF8_0, 0, 8;
    %jmp T_9.32;
T_9.28 ;
    %ix/load 1, 5, 0;
    %mov 4, 0, 1;
    %jmp/1 T_9.41, 4;
    %load/x1p 24, v00112AA0_0, 3;
    %jmp T_9.42;
T_9.41 ;
    %mov 24, 2, 3;
T_9.42 ;
; Save base=24 wid=3 in lookaside.
    %ix/get 3, 24, 3;
    %ix/load 0, 1, 0;
    %load/avp0 8, v00D6B8B0, 16;
    %ix/load 1, 5, 0;
    %mov 4, 0, 1;
    %jmp/1 T_9.43, 4;
    %load/x1p 24, v00112AA0_0, 3;
    %jmp T_9.44;
T_9.43 ;
    %mov 24, 2, 3;
T_9.44 ;
; Save base=24 wid=3 in lookaside.
    %ix/get 3, 24, 3;
    %jmp/1 t_0, 4;
    %ix/load 0, 16, 0; word width
    %ix/load 1, 0, 0; part off
    %assign/av v00D6B8B0, 0, 8;
t_0 ;
    %jmp T_9.32;
T_9.29 ;
    %ix/load 1, 5, 0;
    %mov 4, 0, 1;
    %jmp/1 T_9.45, 4;
    %load/x1p 24, v00112AA0_0, 3;
    %jmp T_9.46;
T_9.45 ;
    %mov 24, 2, 3;
T_9.46 ;
; Save base=24 wid=3 in lookaside.
    %ix/get 3, 24, 3;
    %load/av 8, v00D6B8B0, 16;
    %subi 8, 1, 16;
    %ix/load 1, 5, 0;
    %mov 4, 0, 1;
    %jmp/1 T_9.47, 4;
    %load/x1p 24, v00112AA0_0, 3;
    %jmp T_9.48;
T_9.47 ;
    %mov 24, 2, 3;
T_9.48 ;
; Save base=24 wid=3 in lookaside.
    %ix/get 3, 24, 3;
    %jmp/1 t_1, 4;
    %ix/load 0, 16, 0; word width
    %ix/load 1, 0, 0; part off
    %assign/av v00D6B8B0, 0, 8;
t_1 ;
    %jmp T_9.32;
T_9.30 ;
    %load/v 8, v00D81758_0, 16;
    %ix/load 1, 5, 0;
    %mov 4, 0, 1;
    %jmp/1 T_9.49, 4;
    %load/x1p 24, v00112AA0_0, 3;
    %jmp T_9.50;
T_9.49 ;
    %mov 24, 2, 3;
T_9.50 ;
; Save base=24 wid=3 in lookaside.
    %ix/get 3, 24, 3;
    %jmp/1 t_2, 4;
    %ix/load 0, 16, 0; word width
    %ix/load 1, 0, 0; part off
    %assign/av v00D6B8B0, 0, 8;
t_2 ;
    %movi 8, 255, 16;
    %ix/load 0, 16, 0;
    %assign/v0 v00D72448_0, 0, 8;
    %jmp T_9.32;
T_9.31 ;
    %load/v 8, v00D81758_0, 16;
    %ix/load 1, 5, 0;
    %mov 4, 0, 1;
    %jmp/1 T_9.51, 4;
    %load/x1p 40, v00112AA0_0, 3;
    %jmp T_9.52;
T_9.51 ;
    %mov 40, 2, 3;
T_9.52 ;
; Save base=40 wid=3 in lookaside.
    %ix/get 3, 40, 3;
    %load/av 24, v00D6B8B0, 16;
    %ix/get 3, 24, 16;
    %jmp/1 t_3, 4;
    %ix/load 0, 8, 0; word width
    %ix/load 1, 0, 0; part off
    %assign/av v00112B50, 0, 8;
t_3 ;
    %movi 8, 255, 16;
    %ix/load 0, 16, 0;
    %assign/v0 v00D72448_0, 0, 8;
    %jmp T_9.32;
T_9.32 ;
    %jmp T_9.23;
T_9.21 ;
    %load/v 8, v00112AA0_0, 3; Only need 3 of 8 bits
; Save base=8 wid=3 in lookaside.
    %cmpi/u 8, 0, 3;
    %jmp/1 T_9.53, 6;
    %cmpi/u 8, 6, 3;
    %jmp/1 T_9.54, 6;
    %cmpi/u 8, 7, 3;
    %jmp/1 T_9.55, 6;
    %cmpi/u 8, 1, 3;
    %jmp/1 T_9.56, 6;
    %cmpi/u 8, 2, 3;
    %jmp/1 T_9.57, 6;
    %cmpi/u 8, 3, 3;
    %jmp/1 T_9.58, 6;
    %cmpi/u 8, 4, 3;
    %jmp/1 T_9.59, 6;
    %cmpi/u 8, 5, 3;
    %jmp/1 T_9.60, 6;
    %jmp T_9.61;
T_9.53 ;
    %load/v 8, v00D6B960_0, 16;
    %ix/load 1, 5, 0;
    %mov 4, 0, 1;
    %jmp/1 T_9.62, 4;
    %load/x1p 24, v00112AA0_0, 3;
    %jmp T_9.63;
T_9.62 ;
    %mov 24, 2, 3;
T_9.63 ;
; Save base=24 wid=3 in lookaside.
    %ix/get 3, 24, 3;
    %jmp/1 t_4, 4;
    %ix/load 0, 16, 0; word width
    %ix/load 1, 0, 0; part off
    %assign/av v00D6B8B0, 0, 8;
t_4 ;
    %jmp T_9.61;
T_9.54 ;
    %ix/getv 3, v00D6B960_0;
    %load/av 8, v00112B50, 8;
    %ix/load 0, 1, 0;
    %load/vp0 24, v00D6B960_0, 32;
    %ix/get 3, 24, 32;
    %load/av 16, v00112B50, 8;
    %ix/load 1, 5, 0;
    %mov 4, 0, 1;
    %jmp/1 T_9.64, 4;
    %load/x1p 24, v00112AA0_0, 3;
    %jmp T_9.65;
T_9.64 ;
    %mov 24, 2, 3;
T_9.65 ;
; Save base=24 wid=3 in lookaside.
    %ix/get 3, 24, 3;
    %jmp/1 t_5, 4;
    %ix/load 0, 16, 0; word width
    %ix/load 1, 0, 0; part off
    %assign/av v00D6B8B0, 0, 8;
t_5 ;
    %jmp T_9.61;
T_9.55 ;
    %ix/load 1, 5, 0;
    %mov 4, 0, 1;
    %jmp/1 T_9.66, 4;
    %load/x1p 24, v00112AA0_0, 3;
    %jmp T_9.67;
T_9.66 ;
    %mov 24, 2, 3;
T_9.67 ;
; Save base=24 wid=3 in lookaside.
    %ix/get 3, 24, 3;
    %load/av 8, v00D6B8B0, 16;
    %ix/getv 3, v00D6B960_0;
    %jmp/1 t_6, 4;
    %ix/load 0, 8, 0; word width
    %ix/load 1, 0, 0; part off
    %assign/av v00112B50, 0, 8;
t_6 ;
    %ix/load 0, 1, 0;
    %load/vp0 24, v00D6B960_0, 32;
    %ix/get 3, 24, 32;
    %jmp/1 t_7, 4;
    %ix/load 0, 8, 0; word width
    %ix/load 1, 0, 0; part off
    %assign/av v00112B50, 0, 16;
t_7 ;
    %jmp T_9.61;
T_9.56 ;
    %ix/load 1, 5, 0;
    %mov 4, 0, 1;
    %jmp/1 T_9.68, 4;
    %load/x1p 24, v00112AA0_0, 3;
    %jmp T_9.69;
T_9.68 ;
    %mov 24, 2, 3;
T_9.69 ;
; Save base=24 wid=3 in lookaside.
    %ix/get 3, 24, 3;
    %load/av 8, v00D6B8B0, 16;
    %load/v 24, v00D6B960_0, 16;
    %add 8, 24, 16;
    %ix/load 1, 5, 0;
    %mov 4, 0, 1;
    %jmp/1 T_9.70, 4;
    %load/x1p 24, v00112AA0_0, 3;
    %jmp T_9.71;
T_9.70 ;
    %mov 24, 2, 3;
T_9.71 ;
; Save base=24 wid=3 in lookaside.
    %ix/get 3, 24, 3;
    %jmp/1 t_8, 4;
    %ix/load 0, 16, 0; word width
    %ix/load 1, 0, 0; part off
    %assign/av v00D6B8B0, 0, 8;
t_8 ;
    %jmp T_9.61;
T_9.57 ;
    %ix/load 1, 5, 0;
    %mov 4, 0, 1;
    %jmp/1 T_9.72, 4;
    %load/x1p 24, v00112AA0_0, 3;
    %jmp T_9.73;
T_9.72 ;
    %mov 24, 2, 3;
T_9.73 ;
; Save base=24 wid=3 in lookaside.
    %ix/get 3, 24, 3;
    %load/av 8, v00D6B8B0, 16;
    %load/v 24, v00D6B960_0, 16;
    %sub 8, 24, 16;
    %ix/load 1, 5, 0;
    %mov 4, 0, 1;
    %jmp/1 T_9.74, 4;
    %load/x1p 24, v00112AA0_0, 3;
    %jmp T_9.75;
T_9.74 ;
    %mov 24, 2, 3;
T_9.75 ;
; Save base=24 wid=3 in lookaside.
    %ix/get 3, 24, 3;
    %jmp/1 t_9, 4;
    %ix/load 0, 16, 0; word width
    %ix/load 1, 0, 0; part off
    %assign/av v00D6B8B0, 0, 8;
t_9 ;
    %jmp T_9.61;
T_9.58 ;
    %ix/load 1, 5, 0;
    %mov 4, 0, 1;
    %jmp/1 T_9.76, 4;
    %load/x1p 24, v00112AA0_0, 3;
    %jmp T_9.77;
T_9.76 ;
    %mov 24, 2, 3;
T_9.77 ;
; Save base=24 wid=3 in lookaside.
    %ix/get 3, 24, 3;
    %load/av 8, v00D6B8B0, 16;
    %load/v 24, v00D6B960_0, 16;
    %cmp/u 8, 24, 16;
    %mov 8, 4, 1;
    %ix/load 0, 1, 0;
    %ix/load 1, 0, 0;
    %assign/v0/x1 v00D723F0_0, 0, 8;
    %load/v 8, v00D6B960_0, 16;
    %ix/load 1, 5, 0;
    %mov 4, 0, 1;
    %jmp/1 T_9.78, 4;
    %load/x1p 40, v00112AA0_0, 3;
    %jmp T_9.79;
T_9.78 ;
    %mov 40, 2, 3;
T_9.79 ;
; Save base=40 wid=3 in lookaside.
    %ix/get 3, 40, 3;
    %load/av 24, v00D6B8B0, 16;
    %cmp/u 8, 24, 16;
    %mov 8, 5, 1;
    %ix/load 0, 1, 0;
    %ix/load 1, 1, 0;
    %assign/v0/x1 v00D723F0_0, 0, 8;
    %jmp T_9.61;
T_9.59 ;
    %ix/load 1, 5, 0;
    %mov 4, 0, 1;
    %jmp/1 T_9.80, 4;
    %load/x1p 8, v00112AA0_0, 2;
    %jmp T_9.81;
T_9.80 ;
    %mov 8, 2, 2;
T_9.81 ;
; Save base=8 wid=2 in lookaside.
    %ix/get 1, 8, 2;
    %jmp/1 T_9.82, 4;
    %load/x1p 8, v00D723F0_0, 1;
    %jmp T_9.83;
T_9.82 ;
    %mov 8, 2, 1;
T_9.83 ;
; Save base=8 wid=1 in lookaside.
    %jmp/0xz  T_9.84, 8;
    %load/v 8, v00D6B960_0, 16;
    %ix/load 0, 16, 0;
    %assign/v0 v00112AF8_0, 0, 8;
T_9.84 ;
    %jmp T_9.61;
T_9.60 ;
    %ix/load 1, 5, 0;
    %mov 4, 0, 1;
    %jmp/1 T_9.86, 4;
    %load/x1p 8, v00112AA0_0, 2;
    %jmp T_9.87;
T_9.86 ;
    %mov 8, 2, 2;
T_9.87 ;
; Save base=8 wid=2 in lookaside.
    %ix/get 1, 8, 2;
    %jmp/1 T_9.88, 4;
    %load/x1p 8, v00D723F0_0, 1;
    %jmp T_9.89;
T_9.88 ;
    %mov 8, 2, 1;
T_9.89 ;
; Save base=8 wid=1 in lookaside.
    %jmp/0xz  T_9.90, 8;
    %ix/getv 3, v00D6B960_0;
    %load/av 8, v00112B50, 8;
    %ix/load 0, 1, 0;
    %load/vp0 24, v00D6B960_0, 32;
    %ix/get 3, 24, 32;
    %load/av 16, v00112B50, 8;
    %ix/load 0, 16, 0;
    %assign/v0 v00112AF8_0, 0, 8;
T_9.90 ;
    %jmp T_9.61;
T_9.61 ;
    %jmp T_9.23;
T_9.22 ;
    %load/v 8, v00112AA0_0, 3; Only need 3 of 8 bits
; Save base=8 wid=3 in lookaside.
    %cmpi/u 8, 0, 3;
    %jmp/1 T_9.92, 6;
    %cmpi/u 8, 1, 3;
    %jmp/1 T_9.93, 6;
    %cmpi/u 8, 2, 3;
    %jmp/1 T_9.94, 6;
    %cmpi/u 8, 6, 3;
    %jmp/1 T_9.95, 6;
    %cmpi/u 8, 7, 3;
    %jmp/1 T_9.96, 6;
    %cmpi/u 8, 4, 3;
    %jmp/1 T_9.97, 6;
    %cmpi/u 8, 5, 3;
    %jmp/1 T_9.98, 6;
    %jmp T_9.99;
T_9.92 ;
    %load/v 8, v00D6B960_0, 3; Only need 3 of 16 bits
; Save base=8 wid=3 in lookaside.
    %cmpi/u 8, 1, 3;
    %jmp/1 T_9.100, 6;
    %cmpi/u 8, 2, 3;
    %jmp/1 T_9.101, 6;
    %cmpi/u 8, 3, 3;
    %jmp/1 T_9.102, 6;
    %jmp T_9.103;
T_9.100 ;
    %ix/load 1, 5, 0;
    %mov 4, 0, 1;
    %jmp/1 T_9.104, 4;
    %load/x1p 24, v00D6B960_0, 3;
    %jmp T_9.105;
T_9.104 ;
    %mov 24, 2, 3;
T_9.105 ;
; Save base=24 wid=3 in lookaside.
    %ix/get 3, 24, 3;
    %load/av 8, v00D6B8B0, 16;
    %ix/load 1, 5, 0;
    %mov 4, 0, 1;
    %jmp/1 T_9.106, 4;
    %load/x1p 24, v00112AA0_0, 3;
    %jmp T_9.107;
T_9.106 ;
    %mov 24, 2, 3;
T_9.107 ;
; Save base=24 wid=3 in lookaside.
    %ix/get 3, 24, 3;
    %jmp/1 t_10, 4;
    %ix/load 0, 16, 0; word width
    %ix/load 1, 0, 0; part off
    %assign/av v00D6B8B0, 0, 8;
t_10 ;
    %jmp T_9.103;
T_9.101 ;
    %ix/load 1, 5, 0;
    %mov 4, 0, 1;
    %jmp/1 T_9.108, 4;
    %load/x1p 40, v00D6B960_0, 3;
    %jmp T_9.109;
T_9.108 ;
    %mov 40, 2, 3;
T_9.109 ;
; Save base=40 wid=3 in lookaside.
    %ix/get 3, 40, 3;
    %load/av 24, v00D6B8B0, 16;
    %ix/get 3, 24, 16;
    %load/av 8, v00112B50, 8;
    %mov 16, 0, 8;
    %ix/load 1, 5, 0;
    %mov 4, 0, 1;
    %jmp/1 T_9.110, 4;
    %load/x1p 24, v00112AA0_0, 3;
    %jmp T_9.111;
T_9.110 ;
    %mov 24, 2, 3;
T_9.111 ;
; Save base=24 wid=3 in lookaside.
    %ix/get 3, 24, 3;
    %jmp/1 t_11, 4;
    %ix/load 0, 16, 0; word width
    %ix/load 1, 0, 0; part off
    %assign/av v00D6B8B0, 0, 8;
t_11 ;
    %jmp T_9.103;
T_9.102 ;
    %ix/load 1, 5, 0;
    %mov 4, 0, 1;
    %jmp/1 T_9.112, 4;
    %load/x1p 24, v00D6B960_0, 3;
    %jmp T_9.113;
T_9.112 ;
    %mov 24, 2, 3;
T_9.113 ;
; Save base=24 wid=3 in lookaside.
    %ix/get 3, 24, 3;
    %load/av 8, v00D6B8B0, 16;
    %ix/load 1, 5, 0;
    %mov 4, 0, 1;
    %jmp/1 T_9.114, 4;
    %load/x1p 40, v00112AA0_0, 3;
    %jmp T_9.115;
T_9.114 ;
    %mov 40, 2, 3;
T_9.115 ;
; Save base=40 wid=3 in lookaside.
    %ix/get 3, 40, 3;
    %load/av 24, v00D6B8B0, 16;
    %ix/get 3, 24, 16;
    %jmp/1 t_12, 4;
    %ix/load 0, 8, 0; word width
    %ix/load 1, 0, 0; part off
    %assign/av v00112B50, 0, 8;
t_12 ;
    %jmp T_9.103;
T_9.103 ;
    %jmp T_9.99;
T_9.93 ;
    %load/v 8, v00D6B960_0, 3; Only need 3 of 16 bits
; Save base=8 wid=3 in lookaside.
    %cmpi/u 8, 1, 3;
    %jmp/1 T_9.116, 6;
    %cmpi/u 8, 2, 3;
    %jmp/1 T_9.117, 6;
    %cmpi/u 8, 3, 3;
    %jmp/1 T_9.118, 6;
    %jmp T_9.119;
T_9.116 ;
    %ix/load 1, 5, 0;
    %mov 4, 0, 1;
    %jmp/1 T_9.120, 4;
    %load/x1p 24, v00112AA0_0, 3;
    %jmp T_9.121;
T_9.120 ;
    %mov 24, 2, 3;
T_9.121 ;
; Save base=24 wid=3 in lookaside.
    %ix/get 3, 24, 3;
    %load/av 8, v00D6B8B0, 16;
    %ix/load 1, 5, 0;
    %mov 4, 0, 1;
    %jmp/1 T_9.122, 4;
    %load/x1p 40, v00D6B960_0, 3;
    %jmp T_9.123;
T_9.122 ;
    %mov 40, 2, 3;
T_9.123 ;
; Save base=40 wid=3 in lookaside.
    %ix/get 3, 40, 3;
    %load/av 24, v00D6B8B0, 16;
    %add 8, 24, 16;
    %ix/load 1, 5, 0;
    %mov 4, 0, 1;
    %jmp/1 T_9.124, 4;
    %load/x1p 24, v00112AA0_0, 3;
    %jmp T_9.125;
T_9.124 ;
    %mov 24, 2, 3;
T_9.125 ;
; Save base=24 wid=3 in lookaside.
    %ix/get 3, 24, 3;
    %jmp/1 t_13, 4;
    %ix/load 0, 16, 0; word width
    %ix/load 1, 0, 0; part off
    %assign/av v00D6B8B0, 0, 8;
t_13 ;
    %jmp T_9.119;
T_9.117 ;
    %ix/load 1, 5, 0;
    %mov 4, 0, 1;
    %jmp/1 T_9.126, 4;
    %load/x1p 24, v00112AA0_0, 3;
    %jmp T_9.127;
T_9.126 ;
    %mov 24, 2, 3;
T_9.127 ;
; Save base=24 wid=3 in lookaside.
    %ix/get 3, 24, 3;
    %load/av 8, v00D6B8B0, 16;
    %ix/load 1, 5, 0;
    %mov 4, 0, 1;
    %jmp/1 T_9.128, 4;
    %load/x1p 56, v00D6B960_0, 3;
    %jmp T_9.129;
T_9.128 ;
    %mov 56, 2, 3;
T_9.129 ;
; Save base=56 wid=3 in lookaside.
    %ix/get 3, 56, 3;
    %load/av 40, v00D6B8B0, 16;
    %ix/get 3, 40, 16;
    %load/av 24, v00112B50, 8;
    %mov 32, 0, 8;
    %add 8, 24, 16;
    %ix/load 1, 5, 0;
    %mov 4, 0, 1;
    %jmp/1 T_9.130, 4;
    %load/x1p 24, v00112AA0_0, 3;
    %jmp T_9.131;
T_9.130 ;
    %mov 24, 2, 3;
T_9.131 ;
; Save base=24 wid=3 in lookaside.
    %ix/get 3, 24, 3;
    %jmp/1 t_14, 4;
    %ix/load 0, 16, 0; word width
    %ix/load 1, 0, 0; part off
    %assign/av v00D6B8B0, 0, 8;
t_14 ;
    %jmp T_9.119;
T_9.118 ;
    %ix/load 1, 5, 0;
    %mov 4, 0, 1;
    %jmp/1 T_9.132, 4;
    %load/x1p 40, v00112AA0_0, 3;
    %jmp T_9.133;
T_9.132 ;
    %mov 40, 2, 3;
T_9.133 ;
; Save base=40 wid=3 in lookaside.
    %ix/get 3, 40, 3;
    %load/av 24, v00D6B8B0, 16;
    %ix/get 3, 24, 16;
    %load/av 8, v00112B50, 8;
    %mov 16, 0, 8;
    %ix/load 1, 5, 0;
    %mov 4, 0, 1;
    %jmp/1 T_9.134, 4;
    %load/x1p 40, v00D6B960_0, 3;
    %jmp T_9.135;
T_9.134 ;
    %mov 40, 2, 3;
T_9.135 ;
; Save base=40 wid=3 in lookaside.
    %ix/get 3, 40, 3;
    %load/av 24, v00D6B8B0, 16;
    %add 8, 24, 16;
    %ix/load 1, 5, 0;
    %mov 4, 0, 1;
    %jmp/1 T_9.136, 4;
    %load/x1p 40, v00112AA0_0, 3;
    %jmp T_9.137;
T_9.136 ;
    %mov 40, 2, 3;
T_9.137 ;
; Save base=40 wid=3 in lookaside.
    %ix/get 3, 40, 3;
    %load/av 24, v00D6B8B0, 16;
    %ix/get 3, 24, 16;
    %jmp/1 t_15, 4;
    %ix/load 0, 8, 0; word width
    %ix/load 1, 0, 0; part off
    %assign/av v00112B50, 0, 8;
t_15 ;
    %jmp T_9.119;
T_9.119 ;
    %jmp T_9.99;
T_9.94 ;
    %load/v 8, v00D6B960_0, 3; Only need 3 of 16 bits
; Save base=8 wid=3 in lookaside.
    %cmpi/u 8, 1, 3;
    %jmp/1 T_9.138, 6;
    %cmpi/u 8, 2, 3;
    %jmp/1 T_9.139, 6;
    %cmpi/u 8, 3, 3;
    %jmp/1 T_9.140, 6;
    %jmp T_9.141;
T_9.138 ;
    %ix/load 1, 5, 0;
    %mov 4, 0, 1;
    %jmp/1 T_9.142, 4;
    %load/x1p 24, v00112AA0_0, 3;
    %jmp T_9.143;
T_9.142 ;
    %mov 24, 2, 3;
T_9.143 ;
; Save base=24 wid=3 in lookaside.
    %ix/get 3, 24, 3;
    %load/av 8, v00D6B8B0, 16;
    %ix/load 1, 5, 0;
    %mov 4, 0, 1;
    %jmp/1 T_9.144, 4;
    %load/x1p 40, v00D6B960_0, 3;
    %jmp T_9.145;
T_9.144 ;
    %mov 40, 2, 3;
T_9.145 ;
; Save base=40 wid=3 in lookaside.
    %ix/get 3, 40, 3;
    %load/av 24, v00D6B8B0, 16;
    %sub 8, 24, 16;
    %ix/load 1, 5, 0;
    %mov 4, 0, 1;
    %jmp/1 T_9.146, 4;
    %load/x1p 24, v00112AA0_0, 3;
    %jmp T_9.147;
T_9.146 ;
    %mov 24, 2, 3;
T_9.147 ;
; Save base=24 wid=3 in lookaside.
    %ix/get 3, 24, 3;
    %jmp/1 t_16, 4;
    %ix/load 0, 16, 0; word width
    %ix/load 1, 0, 0; part off
    %assign/av v00D6B8B0, 0, 8;
t_16 ;
    %jmp T_9.141;
T_9.139 ;
    %ix/load 1, 5, 0;
    %mov 4, 0, 1;
    %jmp/1 T_9.148, 4;
    %load/x1p 24, v00112AA0_0, 3;
    %jmp T_9.149;
T_9.148 ;
    %mov 24, 2, 3;
T_9.149 ;
; Save base=24 wid=3 in lookaside.
    %ix/get 3, 24, 3;
    %load/av 8, v00D6B8B0, 16;
    %ix/load 1, 5, 0;
    %mov 4, 0, 1;
    %jmp/1 T_9.150, 4;
    %load/x1p 56, v00D6B960_0, 3;
    %jmp T_9.151;
T_9.150 ;
    %mov 56, 2, 3;
T_9.151 ;
; Save base=56 wid=3 in lookaside.
    %ix/get 3, 56, 3;
    %load/av 40, v00D6B8B0, 16;
    %ix/get 3, 40, 16;
    %load/av 24, v00112B50, 8;
    %mov 32, 0, 8;
    %sub 8, 24, 16;
    %ix/load 1, 5, 0;
    %mov 4, 0, 1;
    %jmp/1 T_9.152, 4;
    %load/x1p 24, v00112AA0_0, 3;
    %jmp T_9.153;
T_9.152 ;
    %mov 24, 2, 3;
T_9.153 ;
; Save base=24 wid=3 in lookaside.
    %ix/get 3, 24, 3;
    %jmp/1 t_17, 4;
    %ix/load 0, 16, 0; word width
    %ix/load 1, 0, 0; part off
    %assign/av v00D6B8B0, 0, 8;
t_17 ;
    %jmp T_9.141;
T_9.140 ;
    %ix/load 1, 5, 0;
    %mov 4, 0, 1;
    %jmp/1 T_9.154, 4;
    %load/x1p 40, v00112AA0_0, 3;
    %jmp T_9.155;
T_9.154 ;
    %mov 40, 2, 3;
T_9.155 ;
; Save base=40 wid=3 in lookaside.
    %ix/get 3, 40, 3;
    %load/av 24, v00D6B8B0, 16;
    %ix/get 3, 24, 16;
    %load/av 8, v00112B50, 8;
    %mov 16, 0, 8;
    %ix/load 1, 5, 0;
    %mov 4, 0, 1;
    %jmp/1 T_9.156, 4;
    %load/x1p 40, v00D6B960_0, 3;
    %jmp T_9.157;
T_9.156 ;
    %mov 40, 2, 3;
T_9.157 ;
; Save base=40 wid=3 in lookaside.
    %ix/get 3, 40, 3;
    %load/av 24, v00D6B8B0, 16;
    %sub 8, 24, 16;
    %ix/load 1, 5, 0;
    %mov 4, 0, 1;
    %jmp/1 T_9.158, 4;
    %load/x1p 40, v00112AA0_0, 3;
    %jmp T_9.159;
T_9.158 ;
    %mov 40, 2, 3;
T_9.159 ;
; Save base=40 wid=3 in lookaside.
    %ix/get 3, 40, 3;
    %load/av 24, v00D6B8B0, 16;
    %ix/get 3, 24, 16;
    %jmp/1 t_18, 4;
    %ix/load 0, 8, 0; word width
    %ix/load 1, 0, 0; part off
    %assign/av v00112B50, 0, 8;
t_18 ;
    %jmp T_9.141;
T_9.141 ;
    %jmp T_9.99;
T_9.95 ;
    %load/v 8, v00D6B960_0, 3; Only need 3 of 16 bits
; Save base=8 wid=3 in lookaside.
    %cmpi/u 8, 1, 3;
    %jmp/1 T_9.160, 6;
    %cmpi/u 8, 2, 3;
    %jmp/1 T_9.161, 6;
    %cmpi/u 8, 3, 3;
    %jmp/1 T_9.162, 6;
    %jmp T_9.163;
T_9.160 ;
    %ix/load 1, 5, 0;
    %mov 4, 0, 1;
    %jmp/1 T_9.164, 4;
    %load/x1p 24, v00112AA0_0, 3;
    %jmp T_9.165;
T_9.164 ;
    %mov 24, 2, 3;
T_9.165 ;
; Save base=24 wid=3 in lookaside.
    %ix/get 3, 24, 3;
    %load/av 8, v00D6B8B0, 16;
    %ix/load 1, 5, 0;
    %mov 4, 0, 1;
    %jmp/1 T_9.166, 4;
    %load/x1p 40, v00D6B960_0, 3;
    %jmp T_9.167;
T_9.166 ;
    %mov 40, 2, 3;
T_9.167 ;
; Save base=40 wid=3 in lookaside.
    %ix/get 3, 40, 3;
    %load/av 24, v00D6B8B0, 16;
    %cmp/u 8, 24, 16;
    %mov 8, 4, 1;
    %ix/load 0, 1, 0;
    %ix/load 1, 0, 0;
    %assign/v0/x1 v00D723F0_0, 0, 8;
    %ix/load 1, 5, 0;
    %mov 4, 0, 1;
    %jmp/1 T_9.168, 4;
    %load/x1p 24, v00D6B960_0, 3;
    %jmp T_9.169;
T_9.168 ;
    %mov 24, 2, 3;
T_9.169 ;
; Save base=24 wid=3 in lookaside.
    %ix/get 3, 24, 3;
    %load/av 8, v00D6B8B0, 16;
    %ix/load 1, 5, 0;
    %mov 4, 0, 1;
    %jmp/1 T_9.170, 4;
    %load/x1p 40, v00112AA0_0, 3;
    %jmp T_9.171;
T_9.170 ;
    %mov 40, 2, 3;
T_9.171 ;
; Save base=40 wid=3 in lookaside.
    %ix/get 3, 40, 3;
    %load/av 24, v00D6B8B0, 16;
    %cmp/u 8, 24, 16;
    %mov 8, 5, 1;
    %ix/load 0, 1, 0;
    %ix/load 1, 1, 0;
    %assign/v0/x1 v00D723F0_0, 0, 8;
    %jmp T_9.163;
T_9.161 ;
    %ix/load 1, 5, 0;
    %mov 4, 0, 1;
    %jmp/1 T_9.172, 4;
    %load/x1p 24, v00112AA0_0, 3;
    %jmp T_9.173;
T_9.172 ;
    %mov 24, 2, 3;
T_9.173 ;
; Save base=24 wid=3 in lookaside.
    %ix/get 3, 24, 3;
    %load/av 8, v00D6B8B0, 16;
    %ix/load 1, 5, 0;
    %mov 4, 0, 1;
    %jmp/1 T_9.174, 4;
    %load/x1p 56, v00D6B960_0, 3;
    %jmp T_9.175;
T_9.174 ;
    %mov 56, 2, 3;
T_9.175 ;
; Save base=56 wid=3 in lookaside.
    %ix/get 3, 56, 3;
    %load/av 40, v00D6B8B0, 16;
    %ix/get 3, 40, 16;
    %load/av 24, v00112B50, 8;
    %mov 32, 0, 8;
    %cmp/u 8, 24, 16;
    %mov 8, 4, 1;
    %ix/load 0, 1, 0;
    %ix/load 1, 0, 0;
    %assign/v0/x1 v00D723F0_0, 0, 8;
    %ix/load 1, 5, 0;
    %mov 4, 0, 1;
    %jmp/1 T_9.176, 4;
    %load/x1p 40, v00D6B960_0, 3;
    %jmp T_9.177;
T_9.176 ;
    %mov 40, 2, 3;
T_9.177 ;
; Save base=40 wid=3 in lookaside.
    %ix/get 3, 40, 3;
    %load/av 24, v00D6B8B0, 16;
    %ix/get 3, 24, 16;
    %load/av 8, v00112B50, 8;
    %mov 16, 0, 8;
    %ix/load 1, 5, 0;
    %mov 4, 0, 1;
    %jmp/1 T_9.178, 4;
    %load/x1p 40, v00112AA0_0, 3;
    %jmp T_9.179;
T_9.178 ;
    %mov 40, 2, 3;
T_9.179 ;
; Save base=40 wid=3 in lookaside.
    %ix/get 3, 40, 3;
    %load/av 24, v00D6B8B0, 16;
    %cmp/u 8, 24, 16;
    %mov 8, 5, 1;
    %ix/load 0, 1, 0;
    %ix/load 1, 1, 0;
    %assign/v0/x1 v00D723F0_0, 0, 8;
    %jmp T_9.163;
T_9.162 ;
    %ix/load 1, 5, 0;
    %mov 4, 0, 1;
    %jmp/1 T_9.180, 4;
    %load/x1p 40, v00112AA0_0, 3;
    %jmp T_9.181;
T_9.180 ;
    %mov 40, 2, 3;
T_9.181 ;
; Save base=40 wid=3 in lookaside.
    %ix/get 3, 40, 3;
    %load/av 24, v00D6B8B0, 16;
    %ix/get 3, 24, 16;
    %load/av 8, v00112B50, 8;
    %mov 16, 0, 8;
    %ix/load 1, 5, 0;
    %mov 4, 0, 1;
    %jmp/1 T_9.182, 4;
    %load/x1p 40, v00D6B960_0, 3;
    %jmp T_9.183;
T_9.182 ;
    %mov 40, 2, 3;
T_9.183 ;
; Save base=40 wid=3 in lookaside.
    %ix/get 3, 40, 3;
    %load/av 24, v00D6B8B0, 16;
    %cmp/u 8, 24, 16;
    %mov 8, 4, 1;
    %ix/load 0, 1, 0;
    %ix/load 1, 0, 0;
    %assign/v0/x1 v00D723F0_0, 0, 8;
    %ix/load 1, 5, 0;
    %mov 4, 0, 1;
    %jmp/1 T_9.184, 4;
    %load/x1p 24, v00D6B960_0, 3;
    %jmp T_9.185;
T_9.184 ;
    %mov 24, 2, 3;
T_9.185 ;
; Save base=24 wid=3 in lookaside.
    %ix/get 3, 24, 3;
    %load/av 8, v00D6B8B0, 16;
    %ix/load 1, 5, 0;
    %mov 4, 0, 1;
    %jmp/1 T_9.186, 4;
    %load/x1p 56, v00112AA0_0, 3;
    %jmp T_9.187;
T_9.186 ;
    %mov 56, 2, 3;
T_9.187 ;
; Save base=56 wid=3 in lookaside.
    %ix/get 3, 56, 3;
    %load/av 40, v00D6B8B0, 16;
    %ix/get 3, 40, 16;
    %load/av 24, v00112B50, 8;
    %mov 32, 0, 8;
    %cmp/u 8, 24, 16;
    %mov 8, 5, 1;
    %ix/load 0, 1, 0;
    %ix/load 1, 1, 0;
    %assign/v0/x1 v00D723F0_0, 0, 8;
    %jmp T_9.163;
T_9.163 ;
    %jmp T_9.99;
T_9.96 ;
    %load/v 8, v00D6B960_0, 3; Only need 3 of 16 bits
; Save base=8 wid=3 in lookaside.
    %cmpi/u 8, 1, 3;
    %jmp/1 T_9.188, 6;
    %cmpi/u 8, 2, 3;
    %jmp/1 T_9.189, 6;
    %cmpi/u 8, 3, 3;
    %jmp/1 T_9.190, 6;
    %jmp T_9.191;
T_9.188 ;
    %ix/load 1, 5, 0;
    %mov 4, 0, 1;
    %jmp/1 T_9.192, 4;
    %load/x1p 24, v00112AA0_0, 3;
    %jmp T_9.193;
T_9.192 ;
    %mov 24, 2, 3;
T_9.193 ;
; Save base=24 wid=3 in lookaside.
    %ix/get 3, 24, 3;
    %load/av 8, v00D6B8B0, 16;
    %ix/load 1, 5, 0;
    %mov 4, 0, 1;
    %jmp/1 T_9.194, 4;
    %load/x1p 40, v00D6B960_0, 3;
    %jmp T_9.195;
T_9.194 ;
    %mov 40, 2, 3;
T_9.195 ;
; Save base=40 wid=3 in lookaside.
    %ix/get 3, 40, 3;
    %load/av 24, v00D6B8B0, 16;
    %and 8, 24, 16;
    %ix/load 1, 5, 0;
    %mov 4, 0, 1;
    %jmp/1 T_9.196, 4;
    %load/x1p 24, v00112AA0_0, 3;
    %jmp T_9.197;
T_9.196 ;
    %mov 24, 2, 3;
T_9.197 ;
; Save base=24 wid=3 in lookaside.
    %ix/get 3, 24, 3;
    %jmp/1 t_19, 4;
    %ix/load 0, 16, 0; word width
    %ix/load 1, 0, 0; part off
    %assign/av v00D6B8B0, 0, 8;
t_19 ;
    %jmp T_9.191;
T_9.189 ;
    %ix/load 1, 5, 0;
    %mov 4, 0, 1;
    %jmp/1 T_9.198, 4;
    %load/x1p 24, v00112AA0_0, 3;
    %jmp T_9.199;
T_9.198 ;
    %mov 24, 2, 3;
T_9.199 ;
; Save base=24 wid=3 in lookaside.
    %ix/get 3, 24, 3;
    %load/av 8, v00D6B8B0, 16;
    %ix/load 1, 5, 0;
    %mov 4, 0, 1;
    %jmp/1 T_9.200, 4;
    %load/x1p 40, v00D6B960_0, 3;
    %jmp T_9.201;
T_9.200 ;
    %mov 40, 2, 3;
T_9.201 ;
; Save base=40 wid=3 in lookaside.
    %ix/get 3, 40, 3;
    %load/av 24, v00D6B8B0, 16;
    %or 8, 24, 16;
    %ix/load 1, 5, 0;
    %mov 4, 0, 1;
    %jmp/1 T_9.202, 4;
    %load/x1p 24, v00112AA0_0, 3;
    %jmp T_9.203;
T_9.202 ;
    %mov 24, 2, 3;
T_9.203 ;
; Save base=24 wid=3 in lookaside.
    %ix/get 3, 24, 3;
    %jmp/1 t_20, 4;
    %ix/load 0, 16, 0; word width
    %ix/load 1, 0, 0; part off
    %assign/av v00D6B8B0, 0, 8;
t_20 ;
    %jmp T_9.191;
T_9.190 ;
    %ix/load 1, 5, 0;
    %mov 4, 0, 1;
    %jmp/1 T_9.204, 4;
    %load/x1p 24, v00112AA0_0, 3;
    %jmp T_9.205;
T_9.204 ;
    %mov 24, 2, 3;
T_9.205 ;
; Save base=24 wid=3 in lookaside.
    %ix/get 3, 24, 3;
    %load/av 8, v00D6B8B0, 16;
    %ix/load 1, 5, 0;
    %mov 4, 0, 1;
    %jmp/1 T_9.206, 4;
    %load/x1p 40, v00D6B960_0, 3;
    %jmp T_9.207;
T_9.206 ;
    %mov 40, 2, 3;
T_9.207 ;
; Save base=40 wid=3 in lookaside.
    %ix/get 3, 40, 3;
    %load/av 24, v00D6B8B0, 16;
    %xor 8, 24, 16;
    %ix/load 1, 5, 0;
    %mov 4, 0, 1;
    %jmp/1 T_9.208, 4;
    %load/x1p 24, v00112AA0_0, 3;
    %jmp T_9.209;
T_9.208 ;
    %mov 24, 2, 3;
T_9.209 ;
; Save base=24 wid=3 in lookaside.
    %ix/get 3, 24, 3;
    %jmp/1 t_21, 4;
    %ix/load 0, 16, 0; word width
    %ix/load 1, 0, 0; part off
    %assign/av v00D6B8B0, 0, 8;
t_21 ;
    %jmp T_9.191;
T_9.191 ;
    %jmp T_9.99;
T_9.97 ;
    %ix/load 1, 5, 0;
    %mov 4, 0, 1;
    %jmp/1 T_9.210, 4;
    %load/x1p 8, v00112AA0_0, 2;
    %jmp T_9.211;
T_9.210 ;
    %mov 8, 2, 2;
T_9.211 ;
; Save base=8 wid=2 in lookaside.
    %ix/get 1, 8, 2;
    %jmp/1 T_9.212, 4;
    %load/x1p 8, v00D723F0_0, 1;
    %jmp T_9.213;
T_9.212 ;
    %mov 8, 2, 1;
T_9.213 ;
; Save base=8 wid=1 in lookaside.
    %jmp/0xz  T_9.214, 8;
    %ix/load 1, 5, 0;
    %mov 4, 0, 1;
    %jmp/1 T_9.216, 4;
    %load/x1p 24, v00D6B960_0, 3;
    %jmp T_9.217;
T_9.216 ;
    %mov 24, 2, 3;
T_9.217 ;
; Save base=24 wid=3 in lookaside.
    %ix/get 3, 24, 3;
    %load/av 8, v00D6B8B0, 16;
    %ix/load 0, 16, 0;
    %assign/v0 v00112AF8_0, 0, 8;
T_9.214 ;
    %jmp T_9.99;
T_9.98 ;
    %ix/load 1, 5, 0;
    %mov 4, 0, 1;
    %jmp/1 T_9.218, 4;
    %load/x1p 8, v00112AA0_0, 2;
    %jmp T_9.219;
T_9.218 ;
    %mov 8, 2, 2;
T_9.219 ;
; Save base=8 wid=2 in lookaside.
    %ix/get 1, 8, 2;
    %jmp/1 T_9.220, 4;
    %load/x1p 8, v00D723F0_0, 1;
    %jmp T_9.221;
T_9.220 ;
    %mov 8, 2, 1;
T_9.221 ;
; Save base=8 wid=1 in lookaside.
    %jmp/0xz  T_9.222, 8;
    %ix/load 1, 5, 0;
    %mov 4, 0, 1;
    %jmp/1 T_9.224, 4;
    %load/x1p 40, v00D6B960_0, 3;
    %jmp T_9.225;
T_9.224 ;
    %mov 40, 2, 3;
T_9.225 ;
; Save base=40 wid=3 in lookaside.
    %ix/get 3, 40, 3;
    %load/av 24, v00D6B8B0, 16;
    %ix/get 3, 24, 16;
    %load/av 8, v00112B50, 8;
    %mov 16, 0, 8;
    %ix/load 0, 16, 0;
    %assign/v0 v00112AF8_0, 0, 8;
T_9.222 ;
    %jmp T_9.99;
T_9.99 ;
    %jmp T_9.23;
T_9.23 ;
    %load/v 8, v00112AA0_0, 3; Only need 3 of 8 bits
; Save base=8 wid=3 in lookaside.
    %cmpi/u 8, 4, 3;
    %inv 4, 1;
    %mov 8, 4, 1;
    %load/v 9, v00112AA0_0, 3; Only need 3 of 8 bits
; Save base=9 wid=3 in lookaside.
    %cmpi/u 9, 5, 3;
    %inv 4, 1;
    %or 8, 4, 1;
    %jmp/0xz  T_9.226, 8;
    %load/v 8, v00112AF8_0, 16;
    %load/v 24, v00112A48_0, 1;
    %mov 25, 0, 15;
    %add 8, 24, 16;
    %ix/load 0, 16, 0;
    %assign/v0 v00112AF8_0, 0, 8;
T_9.226 ;
    %ix/load 0, 3, 0;
    %assign/v0 v00D72978_0, 0, 0;
    %jmp T_9.5;
T_9.5 ;
    %jmp T_9;
    .thread T_9;
    .scope S_00D69E28;
T_10 ;
    %set/v v00D81808_0, 0, 32;
T_10.0 ;
    %load/v 8, v00D81808_0, 32;
   %cmpi/s 8, 7, 32;
    %or 5, 4, 1;
    %jmp/0xz T_10.1, 5;
    %ix/getv/s 3, v00D81808_0;
   %jmp/1 t_22, 4;
   %ix/load 1, 0, 0;
   %set/av v00D6B8B0, 0, 16;
t_22 ;
    %ix/load 0, 1, 0;
    %load/vp0/s 8, v00D81808_0, 32;
    %set/v v00D81808_0, 8, 32;
    %jmp T_10.0;
T_10.1 ;
    %vpi_call 3 252 "$readmemh", "output.bin", v00112B50;
    %end;
    .thread T_10;
    .scope S_00D6A2F0;
T_11 ;
    %delay 1, 0;
    %load/v 8, v00D71568_0, 1;
    %inv 8, 1;
    %set/v v00D71568_0, 8, 1;
    %vpi_func 2 23 "$time", 8, 64;
    %set/v v00D71148_0, 8, 16;
    %jmp T_11;
    .thread T_11;
    .scope S_00D6A2F0;
T_12 ;
    %set/v v00D71568_0, 0, 1;
    %vpi_call 2 29 "$monitor", "Time %t | Result: %h", $time, v00D716C8_0;
    %delay 3000, 0;
    %vpi_call 2 30 "$finish";
    %end;
    .thread T_12;
# The file index is used to find the file name in the following table.
:file_names 4;
    "N/A";
    "<interactive>";
    "testbench.sv";
    "cpu.sv";
